{"/Users/shamash/Documents/WhiteHat/Resturant/Restaurant.js": {"path":"/Users/shamash/Documents/WhiteHat/Resturant/Restaurant.js","statementMap":{"0":{"start":{"line":2,"column":15},"end":{"line":2,"column":17}},"1":{"start":{"line":4,"column":8},"end":{"line":4,"column":58}},"2":{"start":{"line":4,"column":19},"end":{"line":4,"column":58}},"3":{"start":{"line":5,"column":8},"end":{"line":5,"column":24}},"4":{"start":{"line":6,"column":8},"end":{"line":6,"column":22}},"5":{"start":{"line":9,"column":8},"end":{"line":9,"column":28}},"6":{"start":{"line":12,"column":8},"end":{"line":12,"column":39}},"7":{"start":{"line":16,"column":22},"end":{"line":16,"column":56}},"8":{"start":{"line":17,"column":8},"end":{"line":17,"column":38}},"9":{"start":{"line":22,"column":19},"end":{"line":22,"column":21}},"10":{"start":{"line":24,"column":8},"end":{"line":24,"column":57}},"11":{"start":{"line":24,"column":21},"end":{"line":24,"column":57}},"12":{"start":{"line":25,"column":8},"end":{"line":25,"column":24}},"13":{"start":{"line":26,"column":8},"end":{"line":26,"column":26}},"14":{"start":{"line":27,"column":8},"end":{"line":27,"column":41}},"15":{"start":{"line":33,"column":18},"end":{"line":33,"column":20}},"16":{"start":{"line":36,"column":8},"end":{"line":36,"column":24}},"17":{"start":{"line":37,"column":8},"end":{"line":37,"column":29}},"18":{"start":{"line":38,"column":8},"end":{"line":38,"column":23}},"19":{"start":{"line":39,"column":8},"end":{"line":39,"column":40}},"20":{"start":{"line":42,"column":12},"end":{"line":42,"column":33}},"21":{"start":{"line":46,"column":8},"end":{"line":50,"column":9}},"22":{"start":{"line":46,"column":20},"end":{"line":46,"column":21}},"23":{"start":{"line":47,"column":25},"end":{"line":47,"column":38}},"24":{"start":{"line":48,"column":12},"end":{"line":48,"column":63}},"25":{"start":{"line":48,"column":40},"end":{"line":48,"column":63}},"26":{"start":{"line":49,"column":12},"end":{"line":49,"column":30}},"27":{"start":{"line":56,"column":8},"end":{"line":56,"column":24}},"28":{"start":{"line":57,"column":8},"end":{"line":57,"column":32}},"29":{"start":{"line":58,"column":8},"end":{"line":58,"column":24}},"30":{"start":{"line":64,"column":0},"end":{"line":64,"column":50}}},"fnMap":{"0":{"name":"(anonymous_0)","decl":{"start":{"line":3,"column":4},"end":{"line":3,"column":5}},"loc":{"start":{"line":3,"column":22},"end":{"line":7,"column":5}},"line":3},"1":{"name":"(anonymous_1)","decl":{"start":{"line":8,"column":4},"end":{"line":8,"column":5}},"loc":{"start":{"line":8,"column":18},"end":{"line":10,"column":5}},"line":8},"2":{"name":"(anonymous_2)","decl":{"start":{"line":11,"column":4},"end":{"line":11,"column":5}},"loc":{"start":{"line":11,"column":27},"end":{"line":14,"column":5}},"line":11},"3":{"name":"(anonymous_3)","decl":{"start":{"line":15,"column":4},"end":{"line":15,"column":5}},"loc":{"start":{"line":15,"column":24},"end":{"line":18,"column":5}},"line":15},"4":{"name":"(anonymous_4)","decl":{"start":{"line":23,"column":4},"end":{"line":23,"column":5}},"loc":{"start":{"line":23,"column":31},"end":{"line":29,"column":5}},"line":23},"5":{"name":"(anonymous_5)","decl":{"start":{"line":35,"column":4},"end":{"line":35,"column":5}},"loc":{"start":{"line":35,"column":22},"end":{"line":40,"column":5}},"line":35},"6":{"name":"(anonymous_6)","decl":{"start":{"line":41,"column":4},"end":{"line":41,"column":5}},"loc":{"start":{"line":41,"column":18},"end":{"line":44,"column":5}},"line":41},"7":{"name":"(anonymous_7)","decl":{"start":{"line":45,"column":4},"end":{"line":45,"column":5}},"loc":{"start":{"line":45,"column":29},"end":{"line":51,"column":5}},"line":45},"8":{"name":"(anonymous_8)","decl":{"start":{"line":55,"column":4},"end":{"line":55,"column":5}},"loc":{"start":{"line":55,"column":38},"end":{"line":59,"column":5}},"line":55}},"branchMap":{"0":{"loc":{"start":{"line":4,"column":8},"end":{"line":4,"column":58}},"type":"if","locations":[{"start":{"line":4,"column":8},"end":{"line":4,"column":58}},{"start":{"line":4,"column":8},"end":{"line":4,"column":58}}],"line":4},"1":{"loc":{"start":{"line":24,"column":8},"end":{"line":24,"column":57}},"type":"if","locations":[{"start":{"line":24,"column":8},"end":{"line":24,"column":57}},{"start":{"line":24,"column":8},"end":{"line":24,"column":57}}],"line":24},"2":{"loc":{"start":{"line":48,"column":12},"end":{"line":48,"column":63}},"type":"if","locations":[{"start":{"line":48,"column":12},"end":{"line":48,"column":63}},{"start":{"line":48,"column":12},"end":{"line":48,"column":63}}],"line":48}},"s":{"0":1,"1":1,"2":0,"3":1,"4":1,"5":3,"6":1,"7":0,"8":0,"9":1,"10":5,"11":0,"12":5,"13":5,"14":5,"15":1,"16":4,"17":4,"18":4,"19":4,"20":5,"21":0,"22":0,"23":0,"24":0,"25":0,"26":0,"27":1,"28":1,"29":1,"30":1},"f":{"0":1,"1":3,"2":1,"3":0,"4":5,"5":4,"6":5,"7":0,"8":1},"b":{"0":[0,1],"1":[0,5],"2":[0,0]},"_coverageSchema":"1a1c01bbd47fc00a2c39e90264f33305004495a9","hash":"c714e5359eabb811177d17527428c8b20b2e5e0b"}
}
