TN:
SF:Restaurant.js
FN:3,(anonymous_0)
FN:8,(anonymous_1)
FN:11,(anonymous_2)
FN:15,(anonymous_3)
FN:23,(anonymous_4)
FN:35,(anonymous_5)
FN:41,(anonymous_6)
FN:45,(anonymous_7)
FN:55,(anonymous_8)
FNF:9
FNH:7
FNDA:1,(anonymous_0)
FNDA:3,(anonymous_1)
FNDA:1,(anonymous_2)
FNDA:0,(anonymous_3)
FNDA:5,(anonymous_4)
FNDA:4,(anonymous_5)
FNDA:5,(anonymous_6)
FNDA:0,(anonymous_7)
FNDA:1,(anonymous_8)
DA:2,1
DA:4,1
DA:5,1
DA:6,1
DA:9,3
DA:12,1
DA:16,0
DA:17,0
DA:22,1
DA:24,5
DA:25,5
DA:26,5
DA:27,5
DA:33,1
DA:36,4
DA:37,4
DA:38,4
DA:39,4
DA:42,5
DA:46,0
DA:47,0
DA:48,0
DA:49,0
DA:56,1
DA:57,1
DA:58,1
DA:64,1
LF:27
LH:21
BRDA:4,0,0,0
BRDA:4,0,1,1
BRDA:24,1,0,0
BRDA:24,1,1,5
BRDA:48,2,0,0
BRDA:48,2,1,0
BRF:6
BRH:2
end_of_record
